05.27.2015 5:40am  ::1  some_excel_file.xlsx
05.27.2015 5:42am  ::1  some_excel_file.xlsx
05.27.2015 5:49am  ::1  output_file.xlsx
05.27.2015 5:52am  ::1  output_file.xlsx
05.27.2015 5:57am  ::1  output_file.xlsx
05.27.2015 5:57am  ::1  output_file.xlsx
05.27.2015 6:00am  ::1  output_file.xlsx
05.27.2015 6:19am  ::1  output_file.xlsx
05.27.2015 7:31am  ::1  output_file.xlsx
05.27.2015 9:10am  ::1  output_file.xlsx
05.27.2015 9:33am  ::1  output_file.xlsx
05.27.2015 9:34am  ::1  output_file.xlsx
05.27.2015 9:38am  ::1  output_file.xlsx
05.27.2015 9:48am  ::1  2015-05-09to2015-05-09.xlsx
05.27.2015 10:31am  ::1  TRUEMONEY90 from 2015-05-17 to 2015-05-17 at 1432715490.xlsx
05.27.2015 10:33am  ::1  ACASH189 from 2015-05-21 to 2015-05-21 at 1432715605.xlsx
05.27.2015 12:14pm  ::1  GPPC75 from 2015-05-01 to 2015-05-07 at 1432721528.xlsx
05.27.2015 12:59pm  ::1  ACASH189 from 2015-05-01 to 2015-05-02 at 1432724331.xlsx
05.27.2015 1:11pm  ::1  GPPC150 from 2015-05-01 to 2015-05-06 at 1432724686.xlsx
05.27.2015 1:39pm  ::1  ACASH189 from 2015-05-01 to 2015-05-02 at 1432726624.xlsx
05.28.2015 11:51am  ::1  TRUEMOVE100 from 2015-05-27 to 2015-05-27 at 1432806664.xlsx
05.28.2015 2:33pm  ::1  GPPC75 from 2015-05-01 to 2015-05-01 at 1432816224.xlsx
05.29.2015 9:40am  ::1  ACASH189 from 2015-05-08 to 2015-05-08 at 1432885186.xlsx
05.29.2015 10:09am  ::1  ACASH89 from 2015-05-01 to 2015-05-01 at 1432886763.xlsx
05.29.2015 10:20am  ::1  GPPC75 from 2015-05-02 to 2015-05-02 at 1432887609.xlsx
05.29.2015 10:21am  ::1  TRUEMONEY150 from 2015-05-09 to 2015-05-09 at 1432887656.xlsx
05.29.2015 10:22am  ::1  TRUEMONEY150 from 2015-05-09 to 2015-05-09 at 1432887725.xlsx
05.29.2015 10:25am  ::1  TRUEMONEY150 from 2015-05-09 to 2015-05-09 at 1432887868.xlsx
05.29.2015 10:48am  ::1  ACASH189 from 2015-05-01 to 2015-05-01 at 1432889316.xlsx
05.29.2015 11:07am  ::1  DTACDT60 from 2015-05-09 to 2015-05-10 at 1432890398.xlsx
